<?xml version="1.0" encoding="UTF-8"?>
<!-- Generated by org.testng.reporters.JUnitXMLReporter -->
<testsuite ignored="1" hostname="DESKTOP-0MGR9KI" failures="0" tests="1" name="Default test" time="55.588" errors="0" timestamp="2022-06-23T08:55:28 ICT">
  <testcase classname="com.contactdiary.appium.testcase.ContactDiaryTest" name="test_addNewEvent" time="41.721"/>
  <testcase classname="com.contactdiary.appium.testcase.ContactDiaryTest" name="test_gotoEventActivity" time="0.0">
    <ignored/>
  </testcase> <!-- test_gotoEventActivity -->
</testsuite> <!-- Default test -->
