<?xml version="1.0" encoding="UTF-8"?>
<testng-results ignored="1" total="2" passed="1" failed="0" skipped="0">
  <reporter-output>
  </reporter-output>
  <suite started-at="2022-06-23T08:54:32 ICT" name="Default suite" finished-at="2022-06-23T08:55:28 ICT" duration-ms="55588">
    <groups>
    </groups>
    <test started-at="2022-06-23T08:54:32 ICT" name="Default test" finished-at="2022-06-23T08:55:28 ICT" duration-ms="55588">
      <class name="com.contactdiary.appium.testcase.ContactDiaryTest">
        <test-method is-config="true" signature="init()[pri:0, instance:com.contactdiary.appium.testcase.ContactDiaryTest@18271936]" started-at="2022-06-23T08:54:32 ICT" name="init" finished-at="2022-06-23T08:54:46 ICT" duration-ms="13757" status="PASS">
          <reporter-output>
          </reporter-output>
        </test-method> <!-- init -->
        <test-method signature="test_addNewEvent()[pri:1, instance:com.contactdiary.appium.testcase.ContactDiaryTest@18271936]" started-at="2022-06-23T08:54:46 ICT" name="test_addNewEvent" finished-at="2022-06-23T08:55:28 ICT" duration-ms="41721" status="PASS">
          <reporter-output>
          </reporter-output>
        </test-method> <!-- test_addNewEvent -->
      </class> <!-- com.contactdiary.appium.testcase.ContactDiaryTest -->
    </test> <!-- Default test -->
  </suite> <!-- Default suite -->
</testng-results>
